2022-06-19 20:42:08,151 :: INFO :: root :: Connected to discord as Social Shiro VM#3072
2022-06-19 20:56:27,320 :: INFO :: root :: Connected to discord as Social Shiro VM#3072
2022-06-19 21:10:18,217 :: INFO :: root :: Connected to discord as Social Shiro VM#3072
2022-06-19 21:14:07,715 :: INFO :: root :: Connected to discord as Social Shiro VM#3072
2022-06-19 21:18:26,288 :: INFO :: root :: Connected to discord as Social Shiro VM#3072
2022-06-19 21:20:11,097 :: INFO :: root :: Connected to discord as Social Shiro VM#3072
2022-06-19 21:22:00,338 :: INFO :: root :: Connected to discord as Social Shiro VM#3072
2022-06-19 21:26:39,638 :: INFO :: root :: Connected to discord as Social Shiro VM#3072
2022-06-19 21:27:05,354 :: INFO :: root :: Connected to discord as Social Shiro VM#3072
2022-06-19 21:30:42,964 :: INFO :: root :: Connected to discord as Social Shiro VM#3072
2022-06-19 21:30:44,821 :: INFO :: root :: Bot mentioned: '<@988174722149797958> status'
2022-06-19 21:35:28,157 :: INFO :: root :: Bot mentioned: '<@988174722149797958> status'
2022-06-19 21:35:45,675 :: INFO :: root :: Bot mentioned: '<@988174722149797958> status'
2022-06-19 21:36:12,534 :: INFO :: root :: Bot mentioned: '<@988174722149797958> status'
2022-06-19 21:36:18,893 :: INFO :: root :: Bot mentioned: '<@988174722149797958> status'
2022-06-19 21:37:27,656 :: INFO :: root :: Bot mentioned: '<@988174722149797958> status'
2022-06-19 21:38:13,239 :: INFO :: root :: Bot mentioned: '<@988174722149797958> status'
2022-06-19 21:41:20,576 :: INFO :: root :: Connected to discord as Social Shiro VM#3072
2022-06-19 21:41:26,989 :: INFO :: root :: Bot mentioned: '<@988174722149797958> status'
2022-06-19 21:42:41,874 :: INFO :: root :: Connected to discord as Social Shiro VM#3072
2022-06-19 21:42:46,011 :: INFO :: root :: Bot mentioned: '<@988174722149797958> status'
2022-06-19 21:42:47,939 :: INFO :: root :: Power state: PowerState/running
2022-06-19 21:48:39,919 :: INFO :: root :: Bot mentioned: '<@988174722149797958> status'
2022-06-19 21:48:40,391 :: INFO :: root :: Power state: PowerState/running
2022-06-19 21:48:58,814 :: INFO :: root :: Connected to discord as Social Shiro VM#3072
2022-06-19 21:49:03,636 :: INFO :: root :: Bot mentioned: '<@988174722149797958> status'
2022-06-19 21:49:04,672 :: INFO :: root :: Power state: PowerState/running
2022-06-19 21:50:30,347 :: INFO :: root :: Bot mentioned: '<@988174722149797958> status'
2022-06-19 21:50:31,001 :: INFO :: root :: Power state: PowerState/running
2022-06-19 21:50:38,262 :: INFO :: root :: Bot mentioned: '<@988174722149797958> discordtest stop'
2022-06-19 21:51:57,812 :: INFO :: root :: Bot mentioned: '<@988174722149797958> status'
2022-06-19 21:51:58,452 :: INFO :: root :: Power state: PowerState/running
2022-06-19 21:52:06,583 :: INFO :: root :: Bot mentioned: '<@988174722149797958> discordtest restart'
2022-06-19 21:53:00,906 :: INFO :: root :: Bot mentioned: '<@988174722149797958> restart'
2022-06-19 21:53:16,418 :: INFO :: root :: Bot mentioned: '<@988174722149797958> discordtest (Social Shiro) restart'
2022-06-19 21:53:47,885 :: INFO :: root :: Bot mentioned: '<@988174722149797958> discordtest restart'
2022-06-19 21:54:06,398 :: INFO :: root :: Bot mentioned: '<@988174722149797958> elp'
2022-06-19 21:54:09,629 :: INFO :: root :: Bot mentioned: '<@988174722149797958> help'
2022-06-19 21:56:13,658 :: INFO :: root :: Bot mentioned: '<@988174722149797958> status'
2022-06-19 21:56:14,052 :: INFO :: root :: Power state: PowerState/running
2022-06-19 21:56:31,069 :: INFO :: root :: Connected to discord as Social Shiro VM#3072
2022-06-19 21:56:38,291 :: INFO :: root :: Bot mentioned: '<@988174722149797958> status'
2022-06-19 21:56:39,407 :: INFO :: root :: Power state: PowerState/running
2022-06-19 21:56:50,702 :: INFO :: root :: Bot mentioned: '<@988174722149797958> 20.226.47.117 restart'
2022-06-19 21:57:31,261 :: INFO :: root :: Bot mentioned: '<@988174722149797958> discordtest restart'
2022-06-19 21:57:52,202 :: INFO :: root :: Bot mentioned: '<@988174722149797958> 20.226.47.117 start'
2022-06-19 21:58:03,102 :: INFO :: root :: Bot mentioned: '<@988174722149797958> discordtest start'
2022-06-19 22:00:15,074 :: INFO :: root :: Bot mentioned: '<@988174722149797958> status'
2022-06-19 22:00:15,906 :: INFO :: root :: Power state: PowerState/deallocating
2022-06-19 22:00:27,174 :: INFO :: root :: Bot mentioned: '<@988174722149797958> discordtest start'
2022-06-19 22:01:01,644 :: INFO :: root :: Bot mentioned: '<@988174722149797958> 20.226.47.117 start'
2022-06-19 22:02:49,222 :: INFO :: root :: Connected to discord as Social Shiro VM#3072
2022-06-19 22:02:50,904 :: INFO :: root :: Bot mentioned: '<@988174722149797958> status'
2022-06-19 22:02:52,375 :: INFO :: root :: Power state: PowerState/deallocated
2022-06-19 22:03:01,299 :: INFO :: root :: Bot mentioned: '<@988174722149797958> server1 start'
2022-06-19 22:03:48,044 :: INFO :: root :: Connected to discord as Social Shiro VM#3072
2022-06-19 22:04:14,208 :: INFO :: root :: Bot mentioned: '<@988174722149797958> status'
2022-06-19 22:04:15,223 :: INFO :: root :: Power state: PowerState/deallocated
2022-06-19 22:04:24,579 :: INFO :: root :: Bot mentioned: '<@988174722149797958> start 20.226.47.117'
2022-06-19 22:04:24,760 :: INFO :: root :: Power state: PowerState/deallocated
2022-06-19 22:04:45,101 :: ERROR :: discord.client :: Attempting a reconnect in 0.41s
Traceback (most recent call last):
  File "/opt/virtualenvs/python3/lib/python3.8/site-packages/discord/client.py", line 566, in connect
    await self.ws.poll_event()
  File "/opt/virtualenvs/python3/lib/python3.8/site-packages/discord/gateway.py", line 582, in poll_event
    raise ConnectionClosed(self.socket, shard_id=self.shard_id, code=code) from None
discord.errors.ConnectionClosed: Shard ID None WebSocket closed with 1000
2022-06-19 22:05:22,417 :: INFO :: root :: Bot mentioned: '<@988174722149797958> restart 20.226.47.117'
2022-06-19 22:05:23,060 :: INFO :: root :: Power state: PowerState/running
2022-06-19 22:06:24,271 :: ERROR :: discord.client :: Attempting a reconnect in 1.62s
Traceback (most recent call last):
  File "/opt/virtualenvs/python3/lib/python3.8/site-packages/discord/client.py", line 566, in connect
    await self.ws.poll_event()
  File "/opt/virtualenvs/python3/lib/python3.8/site-packages/discord/gateway.py", line 582, in poll_event
    raise ConnectionClosed(self.socket, shard_id=self.shard_id, code=code) from None
discord.errors.ConnectionClosed: Shard ID None WebSocket closed with 1000
